<?xml version="1.0" encoding="UTF-8"?>
<testng-results ignored="0" total="6" passed="6" failed="0" skipped="0">
  <reporter-output>
  </reporter-output>
  <suite started-at="2020-12-15T15:33:41 IST" name="Suite" finished-at="2020-12-15T15:34:36 IST" duration-ms="54894">
    <groups>
    </groups>
    <test started-at="2020-12-15T15:33:41 IST" name="App Testing" finished-at="2020-12-15T15:33:41 IST" duration-ms="6">
    </test> <!-- App Testing -->
    <test started-at="2020-12-15T15:33:41 IST" name="Validating Navigation Bar" finished-at="2020-12-15T15:34:24 IST" duration-ms="43285">
      <class name="Academy.validateNavigationBar">
        <test-method is-config="true" signature="initialize()[pri:0, instance:Academy.validateNavigationBar@447a020]" started-at="2020-12-15T15:33:41 IST" name="initialize" finished-at="2020-12-15T15:34:23 IST" duration-ms="42624" status="PASS">
          <reporter-output>
          </reporter-output>
        </test-method> <!-- initialize -->
        <test-method signature="basePageNavigation()[pri:0, instance:Academy.validateNavigationBar@447a020]" started-at="2020-12-15T15:34:23 IST" name="basePageNavigation" finished-at="2020-12-15T15:34:24 IST" duration-ms="543" status="PASS">
          <reporter-output>
          </reporter-output>
        </test-method> <!-- basePageNavigation -->
        <test-method is-config="true" signature="teardown()[pri:0, instance:Academy.validateNavigationBar@447a020]" started-at="2020-12-15T15:34:24 IST" name="teardown" finished-at="2020-12-15T15:34:24 IST" duration-ms="109" status="PASS">
          <reporter-output>
          </reporter-output>
        </test-method> <!-- teardown -->
      </class> <!-- Academy.validateNavigationBar -->
    </test> <!-- Validating Navigation Bar -->
    <test started-at="2020-12-15T15:33:41 IST" name="validate title" finished-at="2020-12-15T15:34:34 IST" duration-ms="53073">
      <class name="Academy.validateTitle">
        <test-method is-config="true" signature="initialize()[pri:0, instance:Academy.validateTitle@3b00856b]" started-at="2020-12-15T15:33:41 IST" name="initialize" finished-at="2020-12-15T15:34:34 IST" duration-ms="52873" status="PASS">
          <reporter-output>
          </reporter-output>
        </test-method> <!-- initialize -->
        <test-method signature="basePageNavigation()[pri:0, instance:Academy.validateTitle@3b00856b]" started-at="2020-12-15T15:34:34 IST" name="basePageNavigation" finished-at="2020-12-15T15:34:34 IST" duration-ms="99" status="PASS">
          <reporter-output>
          </reporter-output>
        </test-method> <!-- basePageNavigation -->
        <test-method signature="validateHeader()[pri:0, instance:Academy.validateTitle@3b00856b]" started-at="2020-12-15T15:34:34 IST" name="validateHeader" finished-at="2020-12-15T15:34:34 IST" duration-ms="25" status="PASS">
          <reporter-output>
          </reporter-output>
        </test-method> <!-- validateHeader -->
        <test-method signature="validatesubHeader()[pri:0, instance:Academy.validateTitle@3b00856b]" started-at="2020-12-15T15:34:34 IST" name="validatesubHeader" finished-at="2020-12-15T15:34:34 IST" duration-ms="27" status="PASS">
          <reporter-output>
          </reporter-output>
        </test-method> <!-- validatesubHeader -->
        <test-method is-config="true" signature="teardown()[pri:0, instance:Academy.validateTitle@3b00856b]" started-at="2020-12-15T15:34:34 IST" name="teardown" finished-at="2020-12-15T15:34:34 IST" duration-ms="43" status="PASS">
          <reporter-output>
          </reporter-output>
        </test-method> <!-- teardown -->
      </class> <!-- Academy.validateTitle -->
    </test> <!-- validate title -->
    <test started-at="2020-12-15T15:33:41 IST" name="Validating User Login" finished-at="2020-12-15T15:34:36 IST" duration-ms="54894">
      <class name="Academy.HomePage">
        <test-method is-config="true" signature="initialize()[pri:0, instance:Academy.HomePage@59252cb6]" started-at="2020-12-15T15:33:41 IST" name="initialize" finished-at="2020-12-15T15:33:45 IST" duration-ms="4510" status="PASS">
          <reporter-output>
          </reporter-output>
        </test-method> <!-- initialize -->
        <test-method signature="basePageNavigation(java.lang.String, java.lang.String, java.lang.String)[pri:0, instance:Academy.HomePage@59252cb6]" started-at="2020-12-15T15:33:45 IST" name="basePageNavigation" data-provider="getData" finished-at="2020-12-15T15:34:32 IST" duration-ms="46901" status="PASS">
          <params>
            <param index="0">
              <value>
                <![CDATA[nonrestricteduser@gmail.com]]>
              </value>
            </param>
            <param index="1">
              <value>
                <![CDATA[12345]]>
              </value>
            </param>
            <param index="2">
              <value>
                <![CDATA[Restricted User]]>
              </value>
            </param>
          </params>
          <reporter-output>
          </reporter-output>
        </test-method> <!-- basePageNavigation -->
        <test-method signature="basePageNavigation(java.lang.String, java.lang.String, java.lang.String)[pri:0, instance:Academy.HomePage@59252cb6]" started-at="2020-12-15T15:34:32 IST" name="basePageNavigation" data-provider="getData" finished-at="2020-12-15T15:34:36 IST" duration-ms="3413" status="PASS">
          <params>
            <param index="0">
              <value>
                <![CDATA[restricteduser@gmail.com]]>
              </value>
            </param>
            <param index="1">
              <value>
                <![CDATA[45678]]>
              </value>
            </param>
            <param index="2">
              <value>
                <![CDATA[Non Restricted User]]>
              </value>
            </param>
          </params>
          <reporter-output>
          </reporter-output>
        </test-method> <!-- basePageNavigation -->
        <test-method is-config="true" signature="teardown()[pri:0, instance:Academy.HomePage@59252cb6]" started-at="2020-12-15T15:34:36 IST" name="teardown" finished-at="2020-12-15T15:34:36 IST" duration-ms="42" status="PASS">
          <reporter-output>
          </reporter-output>
        </test-method> <!-- teardown -->
      </class> <!-- Academy.HomePage -->
    </test> <!-- Validating User Login -->
  </suite> <!-- Suite -->
</testng-results>
